{"timestamp":"2025-11-24T17:49:47.791880Z","level":"info","event":"DAG bundles loaded: dags-folder","logger":"airflow.dag_processing.bundles.manager.DagBundlesManager","filename":"manager.py","lineno":179}
{"timestamp":"2025-11-24T17:49:47.792363Z","level":"info","event":"Filling up the DagBag from /opt/airflow/dags/process_airflow_data.py","logger":"airflow.models.dagbag.DagBag","filename":"dagbag.py","lineno":593}
{"timestamp":"2025-11-24T17:49:47.991684Z","level":"warning","event":"The `airflow.operators.python.PythonOperator` attribute is deprecated. Please use `'airflow.providers.standard.operators.python.PythonOperator'`.","category":"DeprecatedImportWarning","filename":"/opt/airflow/dags/process_airflow_data.py","lineno":6,"logger":"py.warnings"}
{"timestamp":"2025-11-24T17:49:47.991863Z","level":"warning","event":"The `airflow.operators.python.BranchPythonOperator` attribute is deprecated. Please use `'airflow.providers.standard.operators.python.BranchPythonOperator'`.","category":"DeprecatedImportWarning","filename":"/opt/airflow/dags/process_airflow_data.py","lineno":6,"logger":"py.warnings"}
{"timestamp":"2025-11-24T17:49:47.991917Z","level":"warning","event":"The `airflow.operators.bash.BashOperator` attribute is deprecated. Please use `'airflow.providers.standard.operators.bash.BashOperator'`.","category":"DeprecatedImportWarning","filename":"/opt/airflow/dags/process_airflow_data.py","lineno":7,"logger":"py.warnings"}
{"timestamp":"2025-11-24T17:49:47.991944Z","level":"warning","event":"The `airflow.utils.task_group.TaskGroup` attribute is deprecated. Please use `'airflow.sdk.TaskGroup'`.","category":"DeprecatedImportWarning","filename":"/opt/airflow/dags/process_airflow_data.py","lineno":9,"logger":"py.warnings"}
{"timestamp":"2025-11-24T17:49:48.019732Z","level":"info","event":"Poking for file /opt/airflow/data/example_input.csv","logger":"airflow.task.operators.airflow.providers.standard.sensors.filesystem.FileSensor","filename":"filesystem.py","lineno":125}
{"timestamp":"2025-11-24T17:49:58.023608Z","level":"info","event":"Poking for file /opt/airflow/data/example_input.csv","logger":"airflow.task.operators.airflow.providers.standard.sensors.filesystem.FileSensor","filename":"filesystem.py","lineno":125}
{"timestamp":"2025-11-24T17:50:08.028932Z","level":"info","event":"Poking for file /opt/airflow/data/example_input.csv","logger":"airflow.task.operators.airflow.providers.standard.sensors.filesystem.FileSensor","filename":"filesystem.py","lineno":125}
{"timestamp":"2025-11-24T17:50:18.034968Z","level":"info","event":"Poking for file /opt/airflow/data/example_input.csv","logger":"airflow.task.operators.airflow.providers.standard.sensors.filesystem.FileSensor","filename":"filesystem.py","lineno":125}
{"timestamp":"2025-11-24T17:50:28.040219Z","level":"info","event":"Poking for file /opt/airflow/data/example_input.csv","logger":"airflow.task.operators.airflow.providers.standard.sensors.filesystem.FileSensor","filename":"filesystem.py","lineno":125}
{"timestamp":"2025-11-24T17:50:38.045173Z","level":"info","event":"Poking for file /opt/airflow/data/example_input.csv","logger":"airflow.task.operators.airflow.providers.standard.sensors.filesystem.FileSensor","filename":"filesystem.py","lineno":125}
{"timestamp":"2025-11-24T17:50:48.055686Z","level":"info","event":"Poking for file /opt/airflow/data/example_input.csv","logger":"airflow.task.operators.airflow.providers.standard.sensors.filesystem.FileSensor","filename":"filesystem.py","lineno":125}
{"timestamp":"2025-11-24T17:50:58.063967Z","level":"info","event":"Poking for file /opt/airflow/data/example_input.csv","logger":"airflow.task.operators.airflow.providers.standard.sensors.filesystem.FileSensor","filename":"filesystem.py","lineno":125}
{"timestamp":"2025-11-24T17:51:08.073649Z","level":"info","event":"Poking for file /opt/airflow/data/example_input.csv","logger":"airflow.task.operators.airflow.providers.standard.sensors.filesystem.FileSensor","filename":"filesystem.py","lineno":125}
{"timestamp":"2025-11-24T17:51:18.079655Z","level":"info","event":"Poking for file /opt/airflow/data/example_input.csv","logger":"airflow.task.operators.airflow.providers.standard.sensors.filesystem.FileSensor","filename":"filesystem.py","lineno":125}
{"timestamp":"2025-11-24T17:51:28.085011Z","level":"info","event":"Poking for file /opt/airflow/data/example_input.csv","logger":"airflow.task.operators.airflow.providers.standard.sensors.filesystem.FileSensor","filename":"filesystem.py","lineno":125}
{"timestamp":"2025-11-24T17:51:38.094569Z","level":"info","event":"Poking for file /opt/airflow/data/example_input.csv","logger":"airflow.task.operators.airflow.providers.standard.sensors.filesystem.FileSensor","filename":"filesystem.py","lineno":125}
{"timestamp":"2025-11-24T17:51:48.098289Z","level":"info","event":"Poking for file /opt/airflow/data/example_input.csv","logger":"airflow.task.operators.airflow.providers.standard.sensors.filesystem.FileSensor","filename":"filesystem.py","lineno":125}
{"timestamp":"2025-11-24T17:51:58.102423Z","level":"info","event":"Poking for file /opt/airflow/data/example_input.csv","logger":"airflow.task.operators.airflow.providers.standard.sensors.filesystem.FileSensor","filename":"filesystem.py","lineno":125}
{"timestamp":"2025-11-24T17:52:08.109764Z","level":"info","event":"Poking for file /opt/airflow/data/example_input.csv","logger":"airflow.task.operators.airflow.providers.standard.sensors.filesystem.FileSensor","filename":"filesystem.py","lineno":125}
{"timestamp":"2025-11-24T17:52:18.120161Z","level":"info","event":"Poking for file /opt/airflow/data/example_input.csv","logger":"airflow.task.operators.airflow.providers.standard.sensors.filesystem.FileSensor","filename":"filesystem.py","lineno":125}
{"timestamp":"2025-11-24T17:52:28.138066Z","level":"info","event":"Poking for file /opt/airflow/data/example_input.csv","logger":"airflow.task.operators.airflow.providers.standard.sensors.filesystem.FileSensor","filename":"filesystem.py","lineno":125}
