{"timestamp":"2025-11-24T18:09:24.883402Z","level":"info","event":"DAG bundles loaded: dags-folder","logger":"airflow.dag_processing.bundles.manager.DagBundlesManager","filename":"manager.py","lineno":179}
{"timestamp":"2025-11-24T18:09:24.884235Z","level":"info","event":"Filling up the DagBag from /opt/airflow/dags/process_airflow_data.py","logger":"airflow.models.dagbag.DagBag","filename":"dagbag.py","lineno":593}
{"timestamp":"2025-11-24T18:09:26.477923Z","level":"warning","event":"The `airflow.operators.python.PythonOperator` attribute is deprecated. Please use `'airflow.providers.standard.operators.python.PythonOperator'`.","category":"DeprecatedImportWarning","filename":"/opt/airflow/dags/process_airflow_data.py","lineno":6,"logger":"py.warnings"}
{"timestamp":"2025-11-24T18:09:26.478235Z","level":"warning","event":"The `airflow.operators.python.BranchPythonOperator` attribute is deprecated. Please use `'airflow.providers.standard.operators.python.BranchPythonOperator'`.","category":"DeprecatedImportWarning","filename":"/opt/airflow/dags/process_airflow_data.py","lineno":6,"logger":"py.warnings"}
{"timestamp":"2025-11-24T18:09:26.478341Z","level":"warning","event":"The `airflow.operators.bash.BashOperator` attribute is deprecated. Please use `'airflow.providers.standard.operators.bash.BashOperator'`.","category":"DeprecatedImportWarning","filename":"/opt/airflow/dags/process_airflow_data.py","lineno":7,"logger":"py.warnings"}
{"timestamp":"2025-11-24T18:09:26.478425Z","level":"warning","event":"The `airflow.utils.task_group.TaskGroup` attribute is deprecated. Please use `'airflow.sdk.TaskGroup'`.","category":"DeprecatedImportWarning","filename":"/opt/airflow/dags/process_airflow_data.py","lineno":9,"logger":"py.warnings"}
{"timestamp":"2025-11-24T18:09:26.543716Z","level":"info","event":"Poking for file /opt/airflow/data/example_input.csv","logger":"airflow.task.operators.airflow.providers.standard.sensors.filesystem.FileSensor","filename":"filesystem.py","lineno":125}
{"timestamp":"2025-11-24T18:09:36.556197Z","level":"info","event":"Poking for file /opt/airflow/data/example_input.csv","logger":"airflow.task.operators.airflow.providers.standard.sensors.filesystem.FileSensor","filename":"filesystem.py","lineno":125}
{"timestamp":"2025-11-24T18:09:46.564677Z","level":"info","event":"Poking for file /opt/airflow/data/example_input.csv","logger":"airflow.task.operators.airflow.providers.standard.sensors.filesystem.FileSensor","filename":"filesystem.py","lineno":125}
{"timestamp":"2025-11-24T18:09:56.572808Z","level":"info","event":"Poking for file /opt/airflow/data/example_input.csv","logger":"airflow.task.operators.airflow.providers.standard.sensors.filesystem.FileSensor","filename":"filesystem.py","lineno":125}
{"timestamp":"2025-11-24T18:10:06.592516Z","level":"info","event":"Poking for file /opt/airflow/data/example_input.csv","logger":"airflow.task.operators.airflow.providers.standard.sensors.filesystem.FileSensor","filename":"filesystem.py","lineno":125}
{"timestamp":"2025-11-24T18:10:16.598580Z","level":"info","event":"Poking for file /opt/airflow/data/example_input.csv","logger":"airflow.task.operators.airflow.providers.standard.sensors.filesystem.FileSensor","filename":"filesystem.py","lineno":125}
{"timestamp":"2025-11-24T18:10:26.602493Z","level":"info","event":"Poking for file /opt/airflow/data/example_input.csv","logger":"airflow.task.operators.airflow.providers.standard.sensors.filesystem.FileSensor","filename":"filesystem.py","lineno":125}
{"timestamp":"2025-11-24T18:10:36.607072Z","level":"info","event":"Poking for file /opt/airflow/data/example_input.csv","logger":"airflow.task.operators.airflow.providers.standard.sensors.filesystem.FileSensor","filename":"filesystem.py","lineno":125}
{"timestamp":"2025-11-24T18:10:46.612548Z","level":"info","event":"Poking for file /opt/airflow/data/example_input.csv","logger":"airflow.task.operators.airflow.providers.standard.sensors.filesystem.FileSensor","filename":"filesystem.py","lineno":125}
{"timestamp":"2025-11-24T18:10:56.617895Z","level":"info","event":"Poking for file /opt/airflow/data/example_input.csv","logger":"airflow.task.operators.airflow.providers.standard.sensors.filesystem.FileSensor","filename":"filesystem.py","lineno":125}
{"timestamp":"2025-11-24T18:11:06.623894Z","level":"info","event":"Poking for file /opt/airflow/data/example_input.csv","logger":"airflow.task.operators.airflow.providers.standard.sensors.filesystem.FileSensor","filename":"filesystem.py","lineno":125}
{"timestamp":"2025-11-24T18:11:16.629706Z","level":"info","event":"Poking for file /opt/airflow/data/example_input.csv","logger":"airflow.task.operators.airflow.providers.standard.sensors.filesystem.FileSensor","filename":"filesystem.py","lineno":125}
{"timestamp":"2025-11-24T18:11:26.636630Z","level":"info","event":"Poking for file /opt/airflow/data/example_input.csv","logger":"airflow.task.operators.airflow.providers.standard.sensors.filesystem.FileSensor","filename":"filesystem.py","lineno":125}
{"timestamp":"2025-11-24T18:11:36.643837Z","level":"info","event":"Poking for file /opt/airflow/data/example_input.csv","logger":"airflow.task.operators.airflow.providers.standard.sensors.filesystem.FileSensor","filename":"filesystem.py","lineno":125}
{"timestamp":"2025-11-24T18:11:46.652816Z","level":"info","event":"Poking for file /opt/airflow/data/example_input.csv","logger":"airflow.task.operators.airflow.providers.standard.sensors.filesystem.FileSensor","filename":"filesystem.py","lineno":125}
{"timestamp":"2025-11-24T18:11:56.660006Z","level":"info","event":"Poking for file /opt/airflow/data/example_input.csv","logger":"airflow.task.operators.airflow.providers.standard.sensors.filesystem.FileSensor","filename":"filesystem.py","lineno":125}
{"timestamp":"2025-11-24T18:12:06.664004Z","level":"info","event":"Poking for file /opt/airflow/data/example_input.csv","logger":"airflow.task.operators.airflow.providers.standard.sensors.filesystem.FileSensor","filename":"filesystem.py","lineno":125}
{"timestamp":"2025-11-24T18:12:16.667831Z","level":"info","event":"Poking for file /opt/airflow/data/example_input.csv","logger":"airflow.task.operators.airflow.providers.standard.sensors.filesystem.FileSensor","filename":"filesystem.py","lineno":125}
{"timestamp":"2025-11-24T18:12:26.677038Z","level":"info","event":"Poking for file /opt/airflow/data/example_input.csv","logger":"airflow.task.operators.airflow.providers.standard.sensors.filesystem.FileSensor","filename":"filesystem.py","lineno":125}
{"timestamp":"2025-11-24T18:12:36.684344Z","level":"info","event":"Poking for file /opt/airflow/data/example_input.csv","logger":"airflow.task.operators.airflow.providers.standard.sensors.filesystem.FileSensor","filename":"filesystem.py","lineno":125}
{"timestamp":"2025-11-24T18:12:46.691902Z","level":"info","event":"Poking for file /opt/airflow/data/example_input.csv","logger":"airflow.task.operators.airflow.providers.standard.sensors.filesystem.FileSensor","filename":"filesystem.py","lineno":125}
{"timestamp":"2025-11-24T18:12:56.700351Z","level":"info","event":"Poking for file /opt/airflow/data/example_input.csv","logger":"airflow.task.operators.airflow.providers.standard.sensors.filesystem.FileSensor","filename":"filesystem.py","lineno":125}
{"timestamp":"2025-11-24T18:13:06.710330Z","level":"info","event":"Poking for file /opt/airflow/data/example_input.csv","logger":"airflow.task.operators.airflow.providers.standard.sensors.filesystem.FileSensor","filename":"filesystem.py","lineno":125}
{"timestamp":"2025-11-24T18:13:16.716179Z","level":"info","event":"Poking for file /opt/airflow/data/example_input.csv","logger":"airflow.task.operators.airflow.providers.standard.sensors.filesystem.FileSensor","filename":"filesystem.py","lineno":125}
{"timestamp":"2025-11-24T18:13:26.722738Z","level":"info","event":"Poking for file /opt/airflow/data/example_input.csv","logger":"airflow.task.operators.airflow.providers.standard.sensors.filesystem.FileSensor","filename":"filesystem.py","lineno":125}
{"timestamp":"2025-11-24T18:13:36.736401Z","level":"info","event":"Poking for file /opt/airflow/data/example_input.csv","logger":"airflow.task.operators.airflow.providers.standard.sensors.filesystem.FileSensor","filename":"filesystem.py","lineno":125}
{"timestamp":"2025-11-24T18:13:46.745477Z","level":"info","event":"Poking for file /opt/airflow/data/example_input.csv","logger":"airflow.task.operators.airflow.providers.standard.sensors.filesystem.FileSensor","filename":"filesystem.py","lineno":125}
{"timestamp":"2025-11-24T18:13:56.754365Z","level":"info","event":"Poking for file /opt/airflow/data/example_input.csv","logger":"airflow.task.operators.airflow.providers.standard.sensors.filesystem.FileSensor","filename":"filesystem.py","lineno":125}
{"timestamp":"2025-11-24T18:14:06.761108Z","level":"info","event":"Poking for file /opt/airflow/data/example_input.csv","logger":"airflow.task.operators.airflow.providers.standard.sensors.filesystem.FileSensor","filename":"filesystem.py","lineno":125}
{"timestamp":"2025-11-24T18:14:16.769090Z","level":"info","event":"Poking for file /opt/airflow/data/example_input.csv","logger":"airflow.task.operators.airflow.providers.standard.sensors.filesystem.FileSensor","filename":"filesystem.py","lineno":125}
{"timestamp":"2025-11-24T18:14:26.775361Z","level":"info","event":"Poking for file /opt/airflow/data/example_input.csv","logger":"airflow.task.operators.airflow.providers.standard.sensors.filesystem.FileSensor","filename":"filesystem.py","lineno":125}
{"timestamp":"2025-11-24T18:14:26.781244Z","level":"error","event":"Task failed with exception","logger":"task","filename":"task_runner.py","lineno":969,"error_detail":[{"exc_type":"AirflowSensorTimeout","exc_value":"Sensor has timed out; run duration of 300.231184386 seconds exceeds the specified timeout of 300.0.","exc_notes":[],"syntax_error":null,"is_cause":false,"frames":[{"filename":"/home/airflow/.local/lib/python3.12/site-packages/airflow/sdk/execution_time/task_runner.py","lineno":928,"name":"run"},{"filename":"/home/airflow/.local/lib/python3.12/site-packages/airflow/sdk/execution_time/task_runner.py","lineno":1315,"name":"_execute_task"},{"filename":"/home/airflow/.local/lib/python3.12/site-packages/airflow/sdk/bases/operator.py","lineno":416,"name":"wrapper"},{"filename":"/home/airflow/.local/lib/python3.12/site-packages/airflow/providers/standard/sensors/filesystem.py","lineno":139,"name":"execute"},{"filename":"/home/airflow/.local/lib/python3.12/site-packages/airflow/sdk/bases/operator.py","lineno":416,"name":"wrapper"},{"filename":"/home/airflow/.local/lib/python3.12/site-packages/airflow/sdk/bases/sensor.py","lineno":243,"name":"execute"}],"is_group":false,"exceptions":[]}]}
