{"timestamp":"2025-11-24T18:35:08.290984Z","level":"info","event":"DAG bundles loaded: dags-folder","logger":"airflow.dag_processing.bundles.manager.DagBundlesManager","filename":"manager.py","lineno":179}
{"timestamp":"2025-11-24T18:35:08.292679Z","level":"info","event":"Filling up the DagBag from /opt/airflow/dags/process_airflow_data.py","logger":"airflow.models.dagbag.DagBag","filename":"dagbag.py","lineno":593}
{"timestamp":"2025-11-24T18:35:08.754499Z","level":"warning","event":"The `airflow.operators.python.PythonOperator` attribute is deprecated. Please use `'airflow.providers.standard.operators.python.PythonOperator'`.","category":"DeprecatedImportWarning","filename":"/opt/airflow/dags/process_airflow_data.py","lineno":6,"logger":"py.warnings"}
{"timestamp":"2025-11-24T18:35:08.754601Z","level":"warning","event":"The `airflow.operators.python.BranchPythonOperator` attribute is deprecated. Please use `'airflow.providers.standard.operators.python.BranchPythonOperator'`.","category":"DeprecatedImportWarning","filename":"/opt/airflow/dags/process_airflow_data.py","lineno":6,"logger":"py.warnings"}
{"timestamp":"2025-11-24T18:35:08.754642Z","level":"warning","event":"The `airflow.operators.bash.BashOperator` attribute is deprecated. Please use `'airflow.providers.standard.operators.bash.BashOperator'`.","category":"DeprecatedImportWarning","filename":"/opt/airflow/dags/process_airflow_data.py","lineno":7,"logger":"py.warnings"}
{"timestamp":"2025-11-24T18:35:08.754678Z","level":"warning","event":"The `airflow.utils.task_group.TaskGroup` attribute is deprecated. Please use `'airflow.sdk.TaskGroup'`.","category":"DeprecatedImportWarning","filename":"/opt/airflow/dags/process_airflow_data.py","lineno":9,"logger":"py.warnings"}
{"timestamp":"2025-11-24T18:35:08.791439Z","level":"info","event":"Poking for file /opt/airflow/data/example_input.csv","logger":"airflow.task.operators.airflow.providers.standard.sensors.filesystem.FileSensor","filename":"filesystem.py","lineno":125}
{"timestamp":"2025-11-24T18:35:18.793970Z","level":"info","event":"Poking for file /opt/airflow/data/example_input.csv","logger":"airflow.task.operators.airflow.providers.standard.sensors.filesystem.FileSensor","filename":"filesystem.py","lineno":125}
{"timestamp":"2025-11-24T18:35:28.799875Z","level":"info","event":"Poking for file /opt/airflow/data/example_input.csv","logger":"airflow.task.operators.airflow.providers.standard.sensors.filesystem.FileSensor","filename":"filesystem.py","lineno":125}
{"timestamp":"2025-11-24T18:35:38.809898Z","level":"info","event":"Poking for file /opt/airflow/data/example_input.csv","logger":"airflow.task.operators.airflow.providers.standard.sensors.filesystem.FileSensor","filename":"filesystem.py","lineno":125}
{"timestamp":"2025-11-24T18:35:48.815887Z","level":"info","event":"Poking for file /opt/airflow/data/example_input.csv","logger":"airflow.task.operators.airflow.providers.standard.sensors.filesystem.FileSensor","filename":"filesystem.py","lineno":125}
{"timestamp":"2025-11-24T18:35:58.821112Z","level":"info","event":"Poking for file /opt/airflow/data/example_input.csv","logger":"airflow.task.operators.airflow.providers.standard.sensors.filesystem.FileSensor","filename":"filesystem.py","lineno":125}
{"timestamp":"2025-11-24T18:36:08.830280Z","level":"info","event":"Poking for file /opt/airflow/data/example_input.csv","logger":"airflow.task.operators.airflow.providers.standard.sensors.filesystem.FileSensor","filename":"filesystem.py","lineno":125}
{"timestamp":"2025-11-24T18:36:18.835643Z","level":"info","event":"Poking for file /opt/airflow/data/example_input.csv","logger":"airflow.task.operators.airflow.providers.standard.sensors.filesystem.FileSensor","filename":"filesystem.py","lineno":125}
{"timestamp":"2025-11-24T18:36:28.843309Z","level":"info","event":"Poking for file /opt/airflow/data/example_input.csv","logger":"airflow.task.operators.airflow.providers.standard.sensors.filesystem.FileSensor","filename":"filesystem.py","lineno":125}
{"timestamp":"2025-11-24T18:36:38.853920Z","level":"info","event":"Poking for file /opt/airflow/data/example_input.csv","logger":"airflow.task.operators.airflow.providers.standard.sensors.filesystem.FileSensor","filename":"filesystem.py","lineno":125}
{"timestamp":"2025-11-24T18:36:48.864168Z","level":"info","event":"Poking for file /opt/airflow/data/example_input.csv","logger":"airflow.task.operators.airflow.providers.standard.sensors.filesystem.FileSensor","filename":"filesystem.py","lineno":125}
{"timestamp":"2025-11-24T18:36:58.871053Z","level":"info","event":"Poking for file /opt/airflow/data/example_input.csv","logger":"airflow.task.operators.airflow.providers.standard.sensors.filesystem.FileSensor","filename":"filesystem.py","lineno":125}
{"timestamp":"2025-11-24T18:37:08.879115Z","level":"info","event":"Poking for file /opt/airflow/data/example_input.csv","logger":"airflow.task.operators.airflow.providers.standard.sensors.filesystem.FileSensor","filename":"filesystem.py","lineno":125}
{"timestamp":"2025-11-24T18:37:18.886127Z","level":"info","event":"Poking for file /opt/airflow/data/example_input.csv","logger":"airflow.task.operators.airflow.providers.standard.sensors.filesystem.FileSensor","filename":"filesystem.py","lineno":125}
{"timestamp":"2025-11-24T18:37:28.892406Z","level":"info","event":"Poking for file /opt/airflow/data/example_input.csv","logger":"airflow.task.operators.airflow.providers.standard.sensors.filesystem.FileSensor","filename":"filesystem.py","lineno":125}
{"timestamp":"2025-11-24T18:37:38.901006Z","level":"info","event":"Poking for file /opt/airflow/data/example_input.csv","logger":"airflow.task.operators.airflow.providers.standard.sensors.filesystem.FileSensor","filename":"filesystem.py","lineno":125}
{"timestamp":"2025-11-24T18:37:48.906480Z","level":"info","event":"Poking for file /opt/airflow/data/example_input.csv","logger":"airflow.task.operators.airflow.providers.standard.sensors.filesystem.FileSensor","filename":"filesystem.py","lineno":125}
{"timestamp":"2025-11-24T18:37:58.914688Z","level":"info","event":"Poking for file /opt/airflow/data/example_input.csv","logger":"airflow.task.operators.airflow.providers.standard.sensors.filesystem.FileSensor","filename":"filesystem.py","lineno":125}
{"timestamp":"2025-11-24T18:38:08.924981Z","level":"info","event":"Poking for file /opt/airflow/data/example_input.csv","logger":"airflow.task.operators.airflow.providers.standard.sensors.filesystem.FileSensor","filename":"filesystem.py","lineno":125}
{"timestamp":"2025-11-24T18:38:18.931448Z","level":"info","event":"Poking for file /opt/airflow/data/example_input.csv","logger":"airflow.task.operators.airflow.providers.standard.sensors.filesystem.FileSensor","filename":"filesystem.py","lineno":125}
{"timestamp":"2025-11-24T18:38:28.938632Z","level":"info","event":"Poking for file /opt/airflow/data/example_input.csv","logger":"airflow.task.operators.airflow.providers.standard.sensors.filesystem.FileSensor","filename":"filesystem.py","lineno":125}
{"timestamp":"2025-11-24T18:38:38.947173Z","level":"info","event":"Poking for file /opt/airflow/data/example_input.csv","logger":"airflow.task.operators.airflow.providers.standard.sensors.filesystem.FileSensor","filename":"filesystem.py","lineno":125}
{"timestamp":"2025-11-24T18:38:48.950920Z","level":"info","event":"Poking for file /opt/airflow/data/example_input.csv","logger":"airflow.task.operators.airflow.providers.standard.sensors.filesystem.FileSensor","filename":"filesystem.py","lineno":125}
{"timestamp":"2025-11-24T18:38:58.954216Z","level":"info","event":"Poking for file /opt/airflow/data/example_input.csv","logger":"airflow.task.operators.airflow.providers.standard.sensors.filesystem.FileSensor","filename":"filesystem.py","lineno":125}
{"timestamp":"2025-11-24T18:39:08.960649Z","level":"info","event":"Poking for file /opt/airflow/data/example_input.csv","logger":"airflow.task.operators.airflow.providers.standard.sensors.filesystem.FileSensor","filename":"filesystem.py","lineno":125}
{"timestamp":"2025-11-24T18:39:18.966335Z","level":"info","event":"Poking for file /opt/airflow/data/example_input.csv","logger":"airflow.task.operators.airflow.providers.standard.sensors.filesystem.FileSensor","filename":"filesystem.py","lineno":125}
{"timestamp":"2025-11-24T18:39:28.970002Z","level":"info","event":"Poking for file /opt/airflow/data/example_input.csv","logger":"airflow.task.operators.airflow.providers.standard.sensors.filesystem.FileSensor","filename":"filesystem.py","lineno":125}
{"timestamp":"2025-11-24T18:39:38.975374Z","level":"info","event":"Poking for file /opt/airflow/data/example_input.csv","logger":"airflow.task.operators.airflow.providers.standard.sensors.filesystem.FileSensor","filename":"filesystem.py","lineno":125}
{"timestamp":"2025-11-24T18:39:48.978552Z","level":"info","event":"Poking for file /opt/airflow/data/example_input.csv","logger":"airflow.task.operators.airflow.providers.standard.sensors.filesystem.FileSensor","filename":"filesystem.py","lineno":125}
{"timestamp":"2025-11-24T18:39:58.986766Z","level":"info","event":"Poking for file /opt/airflow/data/example_input.csv","logger":"airflow.task.operators.airflow.providers.standard.sensors.filesystem.FileSensor","filename":"filesystem.py","lineno":125}
{"timestamp":"2025-11-24T18:40:08.994797Z","level":"info","event":"Poking for file /opt/airflow/data/example_input.csv","logger":"airflow.task.operators.airflow.providers.standard.sensors.filesystem.FileSensor","filename":"filesystem.py","lineno":125}
{"timestamp":"2025-11-24T18:40:09.000629Z","level":"error","event":"Task failed with exception","logger":"task","filename":"task_runner.py","lineno":969,"error_detail":[{"exc_type":"AirflowSensorTimeout","exc_value":"Sensor has timed out; run duration of 300.22006626000007 seconds exceeds the specified timeout of 300.0.","exc_notes":[],"syntax_error":null,"is_cause":false,"frames":[{"filename":"/home/airflow/.local/lib/python3.12/site-packages/airflow/sdk/execution_time/task_runner.py","lineno":928,"name":"run"},{"filename":"/home/airflow/.local/lib/python3.12/site-packages/airflow/sdk/execution_time/task_runner.py","lineno":1315,"name":"_execute_task"},{"filename":"/home/airflow/.local/lib/python3.12/site-packages/airflow/sdk/bases/operator.py","lineno":416,"name":"wrapper"},{"filename":"/home/airflow/.local/lib/python3.12/site-packages/airflow/providers/standard/sensors/filesystem.py","lineno":139,"name":"execute"},{"filename":"/home/airflow/.local/lib/python3.12/site-packages/airflow/sdk/bases/operator.py","lineno":416,"name":"wrapper"},{"filename":"/home/airflow/.local/lib/python3.12/site-packages/airflow/sdk/bases/sensor.py","lineno":243,"name":"execute"}],"is_group":false,"exceptions":[]}]}
