{"timestamp":"2025-11-24T14:34:25.025396Z","level":"info","event":"DAG bundles loaded: dags-folder","logger":"airflow.dag_processing.bundles.manager.DagBundlesManager","filename":"manager.py","lineno":179}
{"timestamp":"2025-11-24T14:34:25.040259Z","level":"info","event":"Filling up the DagBag from /opt/airflow/dags/process_airflow_data.py","logger":"airflow.models.dagbag.DagBag","filename":"dagbag.py","lineno":593}
{"timestamp":"2025-11-24T14:34:26.737355Z","level":"warning","event":"The `airflow.operators.python.PythonOperator` attribute is deprecated. Please use `'airflow.providers.standard.operators.python.PythonOperator'`.","category":"DeprecatedImportWarning","filename":"/opt/airflow/dags/process_airflow_data.py","lineno":6,"logger":"py.warnings"}
{"timestamp":"2025-11-24T14:34:26.737560Z","level":"warning","event":"The `airflow.operators.python.BranchPythonOperator` attribute is deprecated. Please use `'airflow.providers.standard.operators.python.BranchPythonOperator'`.","category":"DeprecatedImportWarning","filename":"/opt/airflow/dags/process_airflow_data.py","lineno":6,"logger":"py.warnings"}
{"timestamp":"2025-11-24T14:34:26.737605Z","level":"warning","event":"The `airflow.operators.bash.BashOperator` attribute is deprecated. Please use `'airflow.providers.standard.operators.bash.BashOperator'`.","category":"DeprecatedImportWarning","filename":"/opt/airflow/dags/process_airflow_data.py","lineno":7,"logger":"py.warnings"}
{"timestamp":"2025-11-24T14:34:26.737643Z","level":"warning","event":"The `airflow.utils.task_group.TaskGroup` attribute is deprecated. Please use `'airflow.sdk.TaskGroup'`.","category":"DeprecatedImportWarning","filename":"/opt/airflow/dags/process_airflow_data.py","lineno":9,"logger":"py.warnings"}
{"timestamp":"2025-11-24T14:34:26.870060Z","level":"info","event":"Poking for file /opt/airflow/data/airflow_data.csv","logger":"airflow.task.operators.airflow.providers.standard.sensors.filesystem.FileSensor","filename":"filesystem.py","lineno":125}
{"timestamp":"2025-11-24T14:34:36.881896Z","level":"info","event":"Poking for file /opt/airflow/data/airflow_data.csv","logger":"airflow.task.operators.airflow.providers.standard.sensors.filesystem.FileSensor","filename":"filesystem.py","lineno":125}
{"timestamp":"2025-11-24T14:34:46.895874Z","level":"info","event":"Poking for file /opt/airflow/data/airflow_data.csv","logger":"airflow.task.operators.airflow.providers.standard.sensors.filesystem.FileSensor","filename":"filesystem.py","lineno":125}
{"timestamp":"2025-11-24T14:34:56.902237Z","level":"info","event":"Poking for file /opt/airflow/data/airflow_data.csv","logger":"airflow.task.operators.airflow.providers.standard.sensors.filesystem.FileSensor","filename":"filesystem.py","lineno":125}
{"timestamp":"2025-11-24T14:35:06.918962Z","level":"info","event":"Poking for file /opt/airflow/data/airflow_data.csv","logger":"airflow.task.operators.airflow.providers.standard.sensors.filesystem.FileSensor","filename":"filesystem.py","lineno":125}
{"timestamp":"2025-11-24T14:35:16.928435Z","level":"info","event":"Poking for file /opt/airflow/data/airflow_data.csv","logger":"airflow.task.operators.airflow.providers.standard.sensors.filesystem.FileSensor","filename":"filesystem.py","lineno":125}
{"timestamp":"2025-11-24T14:35:26.934650Z","level":"info","event":"Poking for file /opt/airflow/data/airflow_data.csv","logger":"airflow.task.operators.airflow.providers.standard.sensors.filesystem.FileSensor","filename":"filesystem.py","lineno":125}
{"timestamp":"2025-11-24T14:35:36.945181Z","level":"info","event":"Poking for file /opt/airflow/data/airflow_data.csv","logger":"airflow.task.operators.airflow.providers.standard.sensors.filesystem.FileSensor","filename":"filesystem.py","lineno":125}
{"timestamp":"2025-11-24T14:35:46.950931Z","level":"info","event":"Poking for file /opt/airflow/data/airflow_data.csv","logger":"airflow.task.operators.airflow.providers.standard.sensors.filesystem.FileSensor","filename":"filesystem.py","lineno":125}
{"timestamp":"2025-11-24T14:35:56.956300Z","level":"info","event":"Poking for file /opt/airflow/data/airflow_data.csv","logger":"airflow.task.operators.airflow.providers.standard.sensors.filesystem.FileSensor","filename":"filesystem.py","lineno":125}
{"timestamp":"2025-11-24T14:36:06.969242Z","level":"info","event":"Poking for file /opt/airflow/data/airflow_data.csv","logger":"airflow.task.operators.airflow.providers.standard.sensors.filesystem.FileSensor","filename":"filesystem.py","lineno":125}
{"timestamp":"2025-11-24T14:36:16.985677Z","level":"info","event":"Poking for file /opt/airflow/data/airflow_data.csv","logger":"airflow.task.operators.airflow.providers.standard.sensors.filesystem.FileSensor","filename":"filesystem.py","lineno":125}
{"timestamp":"2025-11-24T14:36:26.993095Z","level":"info","event":"Poking for file /opt/airflow/data/airflow_data.csv","logger":"airflow.task.operators.airflow.providers.standard.sensors.filesystem.FileSensor","filename":"filesystem.py","lineno":125}
{"timestamp":"2025-11-24T14:36:37.004745Z","level":"info","event":"Poking for file /opt/airflow/data/airflow_data.csv","logger":"airflow.task.operators.airflow.providers.standard.sensors.filesystem.FileSensor","filename":"filesystem.py","lineno":125}
{"timestamp":"2025-11-24T14:36:47.025007Z","level":"info","event":"Poking for file /opt/airflow/data/airflow_data.csv","logger":"airflow.task.operators.airflow.providers.standard.sensors.filesystem.FileSensor","filename":"filesystem.py","lineno":125}
{"timestamp":"2025-11-24T14:36:57.034778Z","level":"info","event":"Poking for file /opt/airflow/data/airflow_data.csv","logger":"airflow.task.operators.airflow.providers.standard.sensors.filesystem.FileSensor","filename":"filesystem.py","lineno":125}
{"timestamp":"2025-11-24T14:37:07.045657Z","level":"info","event":"Poking for file /opt/airflow/data/airflow_data.csv","logger":"airflow.task.operators.airflow.providers.standard.sensors.filesystem.FileSensor","filename":"filesystem.py","lineno":125}
{"timestamp":"2025-11-24T14:37:17.056805Z","level":"info","event":"Poking for file /opt/airflow/data/airflow_data.csv","logger":"airflow.task.operators.airflow.providers.standard.sensors.filesystem.FileSensor","filename":"filesystem.py","lineno":125}
{"timestamp":"2025-11-24T14:37:27.073215Z","level":"info","event":"Poking for file /opt/airflow/data/airflow_data.csv","logger":"airflow.task.operators.airflow.providers.standard.sensors.filesystem.FileSensor","filename":"filesystem.py","lineno":125}
{"timestamp":"2025-11-24T14:37:37.091355Z","level":"info","event":"Poking for file /opt/airflow/data/airflow_data.csv","logger":"airflow.task.operators.airflow.providers.standard.sensors.filesystem.FileSensor","filename":"filesystem.py","lineno":125}
{"timestamp":"2025-11-24T14:37:47.098877Z","level":"info","event":"Poking for file /opt/airflow/data/airflow_data.csv","logger":"airflow.task.operators.airflow.providers.standard.sensors.filesystem.FileSensor","filename":"filesystem.py","lineno":125}
{"timestamp":"2025-11-24T14:37:57.125919Z","level":"info","event":"Poking for file /opt/airflow/data/airflow_data.csv","logger":"airflow.task.operators.airflow.providers.standard.sensors.filesystem.FileSensor","filename":"filesystem.py","lineno":125}
{"timestamp":"2025-11-24T14:38:07.134192Z","level":"info","event":"Poking for file /opt/airflow/data/airflow_data.csv","logger":"airflow.task.operators.airflow.providers.standard.sensors.filesystem.FileSensor","filename":"filesystem.py","lineno":125}
{"timestamp":"2025-11-24T14:38:17.140289Z","level":"info","event":"Poking for file /opt/airflow/data/airflow_data.csv","logger":"airflow.task.operators.airflow.providers.standard.sensors.filesystem.FileSensor","filename":"filesystem.py","lineno":125}
{"timestamp":"2025-11-24T14:38:27.154379Z","level":"info","event":"Poking for file /opt/airflow/data/airflow_data.csv","logger":"airflow.task.operators.airflow.providers.standard.sensors.filesystem.FileSensor","filename":"filesystem.py","lineno":125}
{"timestamp":"2025-11-24T14:38:37.159458Z","level":"info","event":"Poking for file /opt/airflow/data/airflow_data.csv","logger":"airflow.task.operators.airflow.providers.standard.sensors.filesystem.FileSensor","filename":"filesystem.py","lineno":125}
{"timestamp":"2025-11-24T14:38:47.175666Z","level":"info","event":"Poking for file /opt/airflow/data/airflow_data.csv","logger":"airflow.task.operators.airflow.providers.standard.sensors.filesystem.FileSensor","filename":"filesystem.py","lineno":125}
{"timestamp":"2025-11-24T14:38:57.188376Z","level":"info","event":"Poking for file /opt/airflow/data/airflow_data.csv","logger":"airflow.task.operators.airflow.providers.standard.sensors.filesystem.FileSensor","filename":"filesystem.py","lineno":125}
{"timestamp":"2025-11-24T14:39:07.192820Z","level":"info","event":"Poking for file /opt/airflow/data/airflow_data.csv","logger":"airflow.task.operators.airflow.providers.standard.sensors.filesystem.FileSensor","filename":"filesystem.py","lineno":125}
{"timestamp":"2025-11-24T14:39:17.205046Z","level":"info","event":"Poking for file /opt/airflow/data/airflow_data.csv","logger":"airflow.task.operators.airflow.providers.standard.sensors.filesystem.FileSensor","filename":"filesystem.py","lineno":125}
{"timestamp":"2025-11-24T14:39:27.213717Z","level":"info","event":"Poking for file /opt/airflow/data/airflow_data.csv","logger":"airflow.task.operators.airflow.providers.standard.sensors.filesystem.FileSensor","filename":"filesystem.py","lineno":125}
{"timestamp":"2025-11-24T14:39:27.261633Z","level":"error","event":"Task failed with exception","logger":"task","filename":"task_runner.py","lineno":969,"error_detail":[{"exc_type":"AirflowSensorTimeout","exc_value":"Sensor has timed out; run duration of 300.38955226300004 seconds exceeds the specified timeout of 300.0.","exc_notes":[],"syntax_error":null,"is_cause":false,"frames":[{"filename":"/home/airflow/.local/lib/python3.12/site-packages/airflow/sdk/execution_time/task_runner.py","lineno":928,"name":"run"},{"filename":"/home/airflow/.local/lib/python3.12/site-packages/airflow/sdk/execution_time/task_runner.py","lineno":1315,"name":"_execute_task"},{"filename":"/home/airflow/.local/lib/python3.12/site-packages/airflow/sdk/bases/operator.py","lineno":416,"name":"wrapper"},{"filename":"/home/airflow/.local/lib/python3.12/site-packages/airflow/providers/standard/sensors/filesystem.py","lineno":139,"name":"execute"},{"filename":"/home/airflow/.local/lib/python3.12/site-packages/airflow/sdk/bases/operator.py","lineno":416,"name":"wrapper"},{"filename":"/home/airflow/.local/lib/python3.12/site-packages/airflow/sdk/bases/sensor.py","lineno":243,"name":"execute"}],"is_group":false,"exceptions":[]}]}
