{"timestamp":"2025-11-24T18:14:01.488067Z","level":"info","event":"DAG bundles loaded: dags-folder","logger":"airflow.dag_processing.bundles.manager.DagBundlesManager","filename":"manager.py","lineno":179}
{"timestamp":"2025-11-24T18:14:01.488807Z","level":"info","event":"Filling up the DagBag from /opt/airflow/dags/process_airflow_data.py","logger":"airflow.models.dagbag.DagBag","filename":"dagbag.py","lineno":593}
{"timestamp":"2025-11-24T18:14:01.740311Z","level":"warning","event":"The `airflow.operators.python.PythonOperator` attribute is deprecated. Please use `'airflow.providers.standard.operators.python.PythonOperator'`.","category":"DeprecatedImportWarning","filename":"/opt/airflow/dags/process_airflow_data.py","lineno":6,"logger":"py.warnings"}
{"timestamp":"2025-11-24T18:14:01.740547Z","level":"warning","event":"The `airflow.operators.python.BranchPythonOperator` attribute is deprecated. Please use `'airflow.providers.standard.operators.python.BranchPythonOperator'`.","category":"DeprecatedImportWarning","filename":"/opt/airflow/dags/process_airflow_data.py","lineno":6,"logger":"py.warnings"}
{"timestamp":"2025-11-24T18:14:01.740610Z","level":"warning","event":"The `airflow.operators.bash.BashOperator` attribute is deprecated. Please use `'airflow.providers.standard.operators.bash.BashOperator'`.","category":"DeprecatedImportWarning","filename":"/opt/airflow/dags/process_airflow_data.py","lineno":7,"logger":"py.warnings"}
{"timestamp":"2025-11-24T18:14:01.740636Z","level":"warning","event":"The `airflow.utils.task_group.TaskGroup` attribute is deprecated. Please use `'airflow.sdk.TaskGroup'`.","category":"DeprecatedImportWarning","filename":"/opt/airflow/dags/process_airflow_data.py","lineno":9,"logger":"py.warnings"}
{"timestamp":"2025-11-24T18:14:01.769596Z","level":"info","event":"Poking for file /opt/airflow/data/example_input.csv","logger":"airflow.task.operators.airflow.providers.standard.sensors.filesystem.FileSensor","filename":"filesystem.py","lineno":125}
{"timestamp":"2025-11-24T18:14:11.772853Z","level":"info","event":"Poking for file /opt/airflow/data/example_input.csv","logger":"airflow.task.operators.airflow.providers.standard.sensors.filesystem.FileSensor","filename":"filesystem.py","lineno":125}
{"timestamp":"2025-11-24T18:14:21.780594Z","level":"info","event":"Poking for file /opt/airflow/data/example_input.csv","logger":"airflow.task.operators.airflow.providers.standard.sensors.filesystem.FileSensor","filename":"filesystem.py","lineno":125}
{"timestamp":"2025-11-24T18:14:31.786948Z","level":"info","event":"Poking for file /opt/airflow/data/example_input.csv","logger":"airflow.task.operators.airflow.providers.standard.sensors.filesystem.FileSensor","filename":"filesystem.py","lineno":125}
{"timestamp":"2025-11-24T18:14:41.794080Z","level":"info","event":"Poking for file /opt/airflow/data/example_input.csv","logger":"airflow.task.operators.airflow.providers.standard.sensors.filesystem.FileSensor","filename":"filesystem.py","lineno":125}
{"timestamp":"2025-11-24T18:14:51.799427Z","level":"info","event":"Poking for file /opt/airflow/data/example_input.csv","logger":"airflow.task.operators.airflow.providers.standard.sensors.filesystem.FileSensor","filename":"filesystem.py","lineno":125}
{"timestamp":"2025-11-24T18:15:01.804246Z","level":"info","event":"Poking for file /opt/airflow/data/example_input.csv","logger":"airflow.task.operators.airflow.providers.standard.sensors.filesystem.FileSensor","filename":"filesystem.py","lineno":125}
{"timestamp":"2025-11-24T18:15:11.813853Z","level":"info","event":"Poking for file /opt/airflow/data/example_input.csv","logger":"airflow.task.operators.airflow.providers.standard.sensors.filesystem.FileSensor","filename":"filesystem.py","lineno":125}
{"timestamp":"2025-11-24T18:15:21.822974Z","level":"info","event":"Poking for file /opt/airflow/data/example_input.csv","logger":"airflow.task.operators.airflow.providers.standard.sensors.filesystem.FileSensor","filename":"filesystem.py","lineno":125}
{"timestamp":"2025-11-24T18:15:31.826553Z","level":"info","event":"Poking for file /opt/airflow/data/example_input.csv","logger":"airflow.task.operators.airflow.providers.standard.sensors.filesystem.FileSensor","filename":"filesystem.py","lineno":125}
{"timestamp":"2025-11-24T18:15:41.830975Z","level":"info","event":"Poking for file /opt/airflow/data/example_input.csv","logger":"airflow.task.operators.airflow.providers.standard.sensors.filesystem.FileSensor","filename":"filesystem.py","lineno":125}
{"timestamp":"2025-11-24T18:15:51.841506Z","level":"info","event":"Poking for file /opt/airflow/data/example_input.csv","logger":"airflow.task.operators.airflow.providers.standard.sensors.filesystem.FileSensor","filename":"filesystem.py","lineno":125}
{"timestamp":"2025-11-24T18:16:01.847037Z","level":"info","event":"Poking for file /opt/airflow/data/example_input.csv","logger":"airflow.task.operators.airflow.providers.standard.sensors.filesystem.FileSensor","filename":"filesystem.py","lineno":125}
{"timestamp":"2025-11-24T18:16:11.851648Z","level":"info","event":"Poking for file /opt/airflow/data/example_input.csv","logger":"airflow.task.operators.airflow.providers.standard.sensors.filesystem.FileSensor","filename":"filesystem.py","lineno":125}
{"timestamp":"2025-11-24T18:16:21.855448Z","level":"info","event":"Poking for file /opt/airflow/data/example_input.csv","logger":"airflow.task.operators.airflow.providers.standard.sensors.filesystem.FileSensor","filename":"filesystem.py","lineno":125}
{"timestamp":"2025-11-24T18:16:31.861441Z","level":"info","event":"Poking for file /opt/airflow/data/example_input.csv","logger":"airflow.task.operators.airflow.providers.standard.sensors.filesystem.FileSensor","filename":"filesystem.py","lineno":125}
{"timestamp":"2025-11-24T18:16:41.869679Z","level":"info","event":"Poking for file /opt/airflow/data/example_input.csv","logger":"airflow.task.operators.airflow.providers.standard.sensors.filesystem.FileSensor","filename":"filesystem.py","lineno":125}
{"timestamp":"2025-11-24T18:16:51.878360Z","level":"info","event":"Poking for file /opt/airflow/data/example_input.csv","logger":"airflow.task.operators.airflow.providers.standard.sensors.filesystem.FileSensor","filename":"filesystem.py","lineno":125}
{"timestamp":"2025-11-24T18:17:01.891051Z","level":"info","event":"Poking for file /opt/airflow/data/example_input.csv","logger":"airflow.task.operators.airflow.providers.standard.sensors.filesystem.FileSensor","filename":"filesystem.py","lineno":125}
{"timestamp":"2025-11-24T18:17:11.901834Z","level":"info","event":"Poking for file /opt/airflow/data/example_input.csv","logger":"airflow.task.operators.airflow.providers.standard.sensors.filesystem.FileSensor","filename":"filesystem.py","lineno":125}
{"timestamp":"2025-11-24T18:17:21.910761Z","level":"info","event":"Poking for file /opt/airflow/data/example_input.csv","logger":"airflow.task.operators.airflow.providers.standard.sensors.filesystem.FileSensor","filename":"filesystem.py","lineno":125}
{"timestamp":"2025-11-24T18:17:31.925214Z","level":"info","event":"Poking for file /opt/airflow/data/example_input.csv","logger":"airflow.task.operators.airflow.providers.standard.sensors.filesystem.FileSensor","filename":"filesystem.py","lineno":125}
{"timestamp":"2025-11-24T18:17:41.931913Z","level":"info","event":"Poking for file /opt/airflow/data/example_input.csv","logger":"airflow.task.operators.airflow.providers.standard.sensors.filesystem.FileSensor","filename":"filesystem.py","lineno":125}
{"timestamp":"2025-11-24T18:17:51.940652Z","level":"info","event":"Poking for file /opt/airflow/data/example_input.csv","logger":"airflow.task.operators.airflow.providers.standard.sensors.filesystem.FileSensor","filename":"filesystem.py","lineno":125}
{"timestamp":"2025-11-24T18:18:01.954673Z","level":"info","event":"Poking for file /opt/airflow/data/example_input.csv","logger":"airflow.task.operators.airflow.providers.standard.sensors.filesystem.FileSensor","filename":"filesystem.py","lineno":125}
{"timestamp":"2025-11-24T18:18:11.965135Z","level":"info","event":"Poking for file /opt/airflow/data/example_input.csv","logger":"airflow.task.operators.airflow.providers.standard.sensors.filesystem.FileSensor","filename":"filesystem.py","lineno":125}
{"timestamp":"2025-11-24T18:18:21.971538Z","level":"info","event":"Poking for file /opt/airflow/data/example_input.csv","logger":"airflow.task.operators.airflow.providers.standard.sensors.filesystem.FileSensor","filename":"filesystem.py","lineno":125}
{"timestamp":"2025-11-24T18:18:31.981868Z","level":"info","event":"Poking for file /opt/airflow/data/example_input.csv","logger":"airflow.task.operators.airflow.providers.standard.sensors.filesystem.FileSensor","filename":"filesystem.py","lineno":125}
{"timestamp":"2025-11-24T18:18:41.986346Z","level":"info","event":"Poking for file /opt/airflow/data/example_input.csv","logger":"airflow.task.operators.airflow.providers.standard.sensors.filesystem.FileSensor","filename":"filesystem.py","lineno":125}
{"timestamp":"2025-11-24T18:18:51.997206Z","level":"info","event":"Poking for file /opt/airflow/data/example_input.csv","logger":"airflow.task.operators.airflow.providers.standard.sensors.filesystem.FileSensor","filename":"filesystem.py","lineno":125}
{"timestamp":"2025-11-24T18:19:02.003208Z","level":"info","event":"Poking for file /opt/airflow/data/example_input.csv","logger":"airflow.task.operators.airflow.providers.standard.sensors.filesystem.FileSensor","filename":"filesystem.py","lineno":125}
{"timestamp":"2025-11-24T18:19:02.007503Z","level":"error","event":"Task failed with exception","logger":"task","filename":"task_runner.py","lineno":969,"error_detail":[{"exc_type":"AirflowSensorTimeout","exc_value":"Sensor has timed out; run duration of 300.24538697099996 seconds exceeds the specified timeout of 300.0.","exc_notes":[],"syntax_error":null,"is_cause":false,"frames":[{"filename":"/home/airflow/.local/lib/python3.12/site-packages/airflow/sdk/execution_time/task_runner.py","lineno":928,"name":"run"},{"filename":"/home/airflow/.local/lib/python3.12/site-packages/airflow/sdk/execution_time/task_runner.py","lineno":1315,"name":"_execute_task"},{"filename":"/home/airflow/.local/lib/python3.12/site-packages/airflow/sdk/bases/operator.py","lineno":416,"name":"wrapper"},{"filename":"/home/airflow/.local/lib/python3.12/site-packages/airflow/providers/standard/sensors/filesystem.py","lineno":139,"name":"execute"},{"filename":"/home/airflow/.local/lib/python3.12/site-packages/airflow/sdk/bases/operator.py","lineno":416,"name":"wrapper"},{"filename":"/home/airflow/.local/lib/python3.12/site-packages/airflow/sdk/bases/sensor.py","lineno":243,"name":"execute"}],"is_group":false,"exceptions":[]}]}
